../d3qd2_bv_solver ipw.txt periodicity_data.txt medium_data.txt sphere_m4.msh veri.dat 

-- plane wave data --
 "ipw.txt" No.00 -- plane wave parameter --
wave length of incident beam in vacuum      :               1
refractive index of surrounding             :            1.33
incident beam power per unit area           :           0.001
x-poralization coefficient                  :      1+      0i
y-poralization coefficient                  :      0+      0i
x-component of translation vector           :               0
y-component of translation vector           :               0
z-component of translation vector           :               0
rotation parameter theta               [rad]:             0.2
rotation parameter phi                 [rad]:               0

-- periodicity data --
periodicity data file name : periodicity_data.txt
periodicity setting        :                 1
lattice vector d1          : (      2,      0)
lattice vector d2          : (      1, 1.73205)

-- medium data --
medium data file name                  : medium_data.txt
medium (domain) id  1 refractive index :     1.6 +        0I

-- mesh data --
mesh data file name    : sphere_m4.msh
node number            :      386
defined element number :      768


solve modified electromagnetic potential boundary value 
  coefficient matrix          finished. Elapsed time :  5555 (sec)
  solve mEMP boundary value   finished. Elapsed time :    12 (sec)
solve electromagnteic field boundary value 
  solve EH boundary value     finished. Elapsed time :     1 (sec)
Total elapsed time : 5568 (sec)

output datafile : veri.dat
